[2021-08-10 22:57:06,876] INFO [Controller id=0 epoch=1] Sending UpdateMetadata request to brokers HashSet(0) for 0 partitions (state.change.logger)
[2021-08-10 23:03:01,459] INFO [Controller id=0 epoch=1] Changed partition test-0 state from NonExistentPartition to NewPartition with assigned replicas 0 (state.change.logger)
[2021-08-10 23:03:01,460] INFO [Controller id=0 epoch=1] Changed partition test-1 state from NonExistentPartition to NewPartition with assigned replicas 0 (state.change.logger)
[2021-08-10 23:03:01,460] INFO [Controller id=0 epoch=1] Sending UpdateMetadata request to brokers HashSet() for 0 partitions (state.change.logger)
[2021-08-10 23:03:01,468] INFO [Controller id=0 epoch=1] Sending UpdateMetadata request to brokers HashSet() for 0 partitions (state.change.logger)
[2021-08-10 23:03:01,665] INFO [Controller id=0 epoch=1] Changed partition test-0 from NewPartition to OnlinePartition with state LeaderAndIsr(leader=0, leaderEpoch=0, isr=List(0), zkVersion=0) (state.change.logger)
[2021-08-10 23:03:01,665] INFO [Controller id=0 epoch=1] Changed partition test-1 from NewPartition to OnlinePartition with state LeaderAndIsr(leader=0, leaderEpoch=0, isr=List(0), zkVersion=0) (state.change.logger)
[2021-08-10 23:03:01,669] INFO [Controller id=0 epoch=1] Sending LeaderAndIsr request to broker 0 with 2 become-leader and 0 become-follower partitions (state.change.logger)
[2021-08-10 23:03:01,671] INFO [Controller id=0 epoch=1] Sending UpdateMetadata request to brokers HashSet(0) for 2 partitions (state.change.logger)
[2021-08-10 23:03:01,673] INFO [Controller id=0 epoch=1] Sending UpdateMetadata request to brokers HashSet() for 0 partitions (state.change.logger)
[2021-08-10 23:03:01,709] INFO [Broker id=0] Handling LeaderAndIsr request correlationId 1 from controller 0 for 2 partitions (state.change.logger)
[2021-08-10 23:03:01,751] INFO [Broker id=0] Stopped fetchers as part of LeaderAndIsr request correlationId 1 from controller 0 epoch 1 as part of the become-leader transition for 2 partitions (state.change.logger)
[2021-08-10 23:03:01,959] INFO [Broker id=0] Leader test-1 starts at leader epoch 0 from offset 0 with high watermark 0 ISR [0] addingReplicas [] removingReplicas []. Previous leader epoch was -1. (state.change.logger)
[2021-08-10 23:03:02,051] INFO [Broker id=0] Leader test-0 starts at leader epoch 0 from offset 0 with high watermark 0 ISR [0] addingReplicas [] removingReplicas []. Previous leader epoch was -1. (state.change.logger)
[2021-08-10 23:03:02,091] INFO [Broker id=0] Finished LeaderAndIsr request in 413ms correlationId 1 from controller 0 for 2 partitions (state.change.logger)
[2021-08-10 23:03:02,106] INFO [Broker id=0] Add 2 partitions and deleted 0 partitions from metadata cache in response to UpdateMetadata request sent by controller 0 epoch 1 with correlation id 2 (state.change.logger)
[2021-08-10 23:03:40,412] INFO [Controller id=0 epoch=1] Changed partition tweets-0 state from NonExistentPartition to NewPartition with assigned replicas 0 (state.change.logger)
[2021-08-10 23:03:40,412] INFO [Controller id=0 epoch=1] Changed partition tweets-1 state from NonExistentPartition to NewPartition with assigned replicas 0 (state.change.logger)
[2021-08-10 23:03:40,412] INFO [Controller id=0 epoch=1] Sending UpdateMetadata request to brokers HashSet() for 0 partitions (state.change.logger)
[2021-08-10 23:03:40,413] INFO [Controller id=0 epoch=1] Sending UpdateMetadata request to brokers HashSet() for 0 partitions (state.change.logger)
[2021-08-10 23:03:40,601] INFO [Controller id=0 epoch=1] Changed partition tweets-0 from NewPartition to OnlinePartition with state LeaderAndIsr(leader=0, leaderEpoch=0, isr=List(0), zkVersion=0) (state.change.logger)
[2021-08-10 23:03:40,601] INFO [Controller id=0 epoch=1] Changed partition tweets-1 from NewPartition to OnlinePartition with state LeaderAndIsr(leader=0, leaderEpoch=0, isr=List(0), zkVersion=0) (state.change.logger)
[2021-08-10 23:03:40,601] INFO [Controller id=0 epoch=1] Sending LeaderAndIsr request to broker 0 with 2 become-leader and 0 become-follower partitions (state.change.logger)
[2021-08-10 23:03:40,602] INFO [Controller id=0 epoch=1] Sending UpdateMetadata request to brokers HashSet(0) for 2 partitions (state.change.logger)
[2021-08-10 23:03:40,602] INFO [Controller id=0 epoch=1] Sending UpdateMetadata request to brokers HashSet() for 0 partitions (state.change.logger)
[2021-08-10 23:03:40,603] INFO [Broker id=0] Handling LeaderAndIsr request correlationId 3 from controller 0 for 2 partitions (state.change.logger)
[2021-08-10 23:03:40,608] INFO [Broker id=0] Stopped fetchers as part of LeaderAndIsr request correlationId 3 from controller 0 epoch 1 as part of the become-leader transition for 2 partitions (state.change.logger)
[2021-08-10 23:03:40,632] INFO [Broker id=0] Leader tweets-1 starts at leader epoch 0 from offset 0 with high watermark 0 ISR [0] addingReplicas [] removingReplicas []. Previous leader epoch was -1. (state.change.logger)
[2021-08-10 23:03:40,714] INFO [Broker id=0] Leader tweets-0 starts at leader epoch 0 from offset 0 with high watermark 0 ISR [0] addingReplicas [] removingReplicas []. Previous leader epoch was -1. (state.change.logger)
[2021-08-10 23:03:40,780] INFO [Broker id=0] Finished LeaderAndIsr request in 177ms correlationId 3 from controller 0 for 2 partitions (state.change.logger)
[2021-08-10 23:03:40,782] INFO [Broker id=0] Add 2 partitions and deleted 0 partitions from metadata cache in response to UpdateMetadata request sent by controller 0 epoch 1 with correlation id 4 (state.change.logger)
[2021-08-11 15:37:07,953] INFO [Controller id=0 epoch=2] Sending UpdateMetadata request to brokers HashSet(0) for 0 partitions (state.change.logger)
[2021-08-11 15:37:08,224] INFO [Controller id=0 epoch=2] Sending LeaderAndIsr request to broker 0 with 4 become-leader and 0 become-follower partitions (state.change.logger)
[2021-08-11 15:37:08,243] INFO [Controller id=0 epoch=2] Sending UpdateMetadata request to brokers HashSet(0) for 4 partitions (state.change.logger)
[2021-08-11 15:37:09,417] INFO [Broker id=0] Handling LeaderAndIsr request correlationId 1 from controller 0 for 4 partitions (state.change.logger)
[2021-08-11 15:37:09,555] INFO [Broker id=0] Stopped fetchers as part of LeaderAndIsr request correlationId 1 from controller 0 epoch 2 as part of the become-leader transition for 4 partitions (state.change.logger)
[2021-08-11 15:37:09,573] INFO [Broker id=0] Leader test-1 starts at leader epoch 0 from offset 0 with high watermark 0 ISR [0] addingReplicas [] removingReplicas []. Previous leader epoch was -1. (state.change.logger)
[2021-08-11 15:37:09,651] INFO [Broker id=0] Leader test-0 starts at leader epoch 0 from offset 0 with high watermark 0 ISR [0] addingReplicas [] removingReplicas []. Previous leader epoch was -1. (state.change.logger)
[2021-08-11 15:37:09,726] INFO [Broker id=0] Leader tweets-1 starts at leader epoch 0 from offset 4614 with high watermark 4606 ISR [0] addingReplicas [] removingReplicas []. Previous leader epoch was -1. (state.change.logger)
[2021-08-11 15:37:09,787] INFO [Broker id=0] Leader tweets-0 starts at leader epoch 0 from offset 4557 with high watermark 4544 ISR [0] addingReplicas [] removingReplicas []. Previous leader epoch was -1. (state.change.logger)
[2021-08-11 15:37:09,799] INFO [Broker id=0] Finished LeaderAndIsr request in 384ms correlationId 1 from controller 0 for 4 partitions (state.change.logger)
[2021-08-11 15:37:09,813] INFO [Broker id=0] Add 4 partitions and deleted 0 partitions from metadata cache in response to UpdateMetadata request sent by controller 0 epoch 2 with correlation id 2 (state.change.logger)
[2021-08-11 19:06:58,775] INFO [Controller id=0 epoch=3] Sending UpdateMetadata request to brokers HashSet(0) for 0 partitions (state.change.logger)
[2021-08-11 19:06:58,775] INFO [Controller id=0 epoch=3] Sending LeaderAndIsr request to broker 0 with 4 become-leader and 0 become-follower partitions (state.change.logger)
[2021-08-11 19:06:58,775] INFO [Controller id=0 epoch=3] Sending UpdateMetadata request to brokers HashSet(0) for 4 partitions (state.change.logger)
[2021-08-11 19:07:08,974] INFO [Broker id=0] Handling LeaderAndIsr request correlationId 1 from controller 0 for 4 partitions (state.change.logger)
[2021-08-11 19:07:09,513] INFO [Broker id=0] Ignoring LeaderAndIsr request from controller 0 with correlation id 1 epoch 3 for partition test-1 since its associated leader epoch 0 matches the current leader epoch (state.change.logger)
[2021-08-11 19:07:09,985] INFO [Broker id=0] Ignoring LeaderAndIsr request from controller 0 with correlation id 1 epoch 3 for partition test-0 since its associated leader epoch 0 matches the current leader epoch (state.change.logger)
[2021-08-11 19:07:10,229] INFO [Broker id=0] Ignoring LeaderAndIsr request from controller 0 with correlation id 1 epoch 3 for partition tweets-1 since its associated leader epoch 0 matches the current leader epoch (state.change.logger)
[2021-08-11 19:07:10,458] INFO [Broker id=0] Ignoring LeaderAndIsr request from controller 0 with correlation id 1 epoch 3 for partition tweets-0 since its associated leader epoch 0 matches the current leader epoch (state.change.logger)
[2021-08-11 19:07:10,459] INFO [Broker id=0] Finished LeaderAndIsr request in 1485ms correlationId 1 from controller 0 for 4 partitions (state.change.logger)
[2021-08-11 19:07:10,462] INFO [Broker id=0] Add 4 partitions and deleted 0 partitions from metadata cache in response to UpdateMetadata request sent by controller 0 epoch 3 with correlation id 2 (state.change.logger)
